info it worked if it ends with ok
verbose cli [ 'node',
verbose cli   '/usr/bin/npm',
verbose cli   'install',
verbose cli   '-g',
verbose cli   'less',
verbose cli   'uglify-js' ]
info using npm@1.0.106
info using node@v0.4.9
verbose config file /home/eknuth/.npmrc
verbose config file /usr/etc/npmrc
verbose config file /usr/lib/node_modules/npm/npmrc
silly exec /usr/bin/node "/usr/lib/node_modules/npm/bin/npm-get-uid-gid.js" "nobody" 1001
silly spawning [ '/usr/bin/node',
silly spawning   [ '/usr/lib/node_modules/npm/bin/npm-get-uid-gid.js',
silly spawning     'nobody',
silly spawning     1001 ],
silly spawning   null ]
silly output from getuid/gid {"uid":65534,"gid":1001}
silly output from getuid/gid 
verbose into /usr/lib [ 'less', 'uglify-js' ]
verbose cache add less
verbose cache add [ 'less', null ]
silly cache add: name, spec, args [ undefined, 'less', [ 'less', null ] ]
verbose parsed url { pathname: 'less', href: 'less' }
verbose cache add uglify-js
verbose cache add [ 'uglify-js', null ]
silly cache add: name, spec, args [ undefined, 'uglify-js', [ 'uglify-js', null ] ]
verbose parsed url { pathname: 'uglify-js', href: 'uglify-js' }
info addNamed [ 'less', '' ]
verbose addNamed [ null, '' ]
info addNamed [ 'uglify-js', '' ]
verbose addNamed [ null, '' ]
verbose GET less
verbose raw, before any munging less
verbose url resolving [ 'https://registry.npmjs.org/', './less' ]
verbose url resolved https://registry.npmjs.org/less
verbose etag "4W8K6R93PVGBWOWWLGBGQCP9H"
verbose GET uglify-js
verbose raw, before any munging uglify-js
verbose url resolving [ 'https://registry.npmjs.org/', './uglify-js' ]
verbose url resolved https://registry.npmjs.org/uglify-js
verbose etag "16MJMH97Q29CZ33LUNZK3NEMD"
silly get cb [ 304,
silly get cb   { server: 'CouchDB/1.2.0 (Erlang OTP/R15B)',
silly get cb     etag: '"4W8K6R93PVGBWOWWLGBGQCP9H"',
silly get cb     date: 'Thu, 10 May 2012 16:29:51 GMT',
silly get cb     'content-length': '0' } ]
verbose etag less from cache
verbose GET less/1.3.0
verbose raw, before any munging less/1.3.0
verbose url resolving [ 'https://registry.npmjs.org/', './less/1.3.0' ]
verbose url resolved https://registry.npmjs.org/less/1.3.0
verbose etag "4W8K6R93PVGBWOWWLGBGQCP9H"
silly get cb [ 304,
silly get cb   { server: 'CouchDB/1.2.0 (Erlang OTP/R15B)',
silly get cb     etag: '"16MJMH97Q29CZ33LUNZK3NEMD"',
silly get cb     date: 'Thu, 10 May 2012 16:29:52 GMT',
silly get cb     'content-length': '0' } ]
verbose etag uglify-js from cache
verbose GET uglify-js/1.2.6
verbose raw, before any munging uglify-js/1.2.6
verbose url resolving [ 'https://registry.npmjs.org/', './uglify-js/1.2.6' ]
verbose url resolved https://registry.npmjs.org/uglify-js/1.2.6
verbose etag "16MJMH97Q29CZ33LUNZK3NEMD"
silly get cb [ 304,
silly get cb   { server: 'CouchDB/1.2.0 (Erlang OTP/R15B)',
silly get cb     etag: '"4W8K6R93PVGBWOWWLGBGQCP9H"',
silly get cb     date: 'Thu, 10 May 2012 16:29:53 GMT',
silly get cb     'content-length': '0' } ]
verbose etag less/1.3.0 from cache
verbose bin dist [ '0.4-ares1.7.4-ev4.4-openssl1.0.0d-v83.1.8.22-linux-3.0.0-19-generic-pae',
verbose bin dist   { shasum: '5726170cb5661d7449942c78fb3a894d74e8103c',
verbose bin dist     tarball: 'http://registry.npmjs.org/less/-/less-1.3.0.tgz' } ]
silly testEngine { name: 'less',
silly testEngine   description: 'Leaner CSS',
silly testEngine   url: 'http://lesscss.org',
silly testEngine   keywords: [ 'css', 'parser', 'lesscss', 'browser' ],
silly testEngine   author: 
silly testEngine    { name: 'Alexis Sellier',
silly testEngine      email: 'self@cloudhead.net' },
silly testEngine   contributors: [],
silly testEngine   version: '1.3.0',
silly testEngine   bin: { lessc: './bin/lessc' },
silly testEngine   main: './lib/less/index',
silly testEngine   directories: { test: './test' },
silly testEngine   engines: { node: '>=0.4.0' },
silly testEngine   _id: 'less@1.3.0',
silly testEngine   dependencies: {},
silly testEngine   devDependencies: {},
silly testEngine   _engineSupported: true,
silly testEngine   _npmVersion: '1.0.106',
silly testEngine   _nodeVersion: 'v0.4.9',
silly testEngine   _defaultsLoaded: true }
verbose caching /home/eknuth/.npm/less/1.3.0/package/package.json
verbose loadDefaults less@1.3.0
silly get cb [ 304,
silly get cb   { server: 'CouchDB/1.2.0 (Erlang OTP/R15B)',
silly get cb     etag: '"16MJMH97Q29CZ33LUNZK3NEMD"',
silly get cb     date: 'Thu, 10 May 2012 16:29:53 GMT',
silly get cb     'content-length': '0' } ]
verbose etag uglify-js/1.2.6 from cache
verbose bin dist [ '0.4-ares1.7.4-ev4.4-openssl1.0.0d-v83.1.8.22-linux-3.0.0-19-generic-pae',
verbose bin dist   { shasum: 'd354b2d3c1cf10ebc18fa78c11a28bdd9ce1580d',
verbose bin dist     tarball: 'http://registry.npmjs.org/uglify-js/-/uglify-js-1.2.6.tgz' } ]
silly testEngine { name: 'uglify-js',
silly testEngine   description: 'JavaScript parser and compressor/beautifier toolkit',
silly testEngine   author: 
silly testEngine    { name: 'Mihai Bazon',
silly testEngine      email: 'mihai.bazon@gmail.com',
silly testEngine      url: 'http://mihai.bazon.net/blog' },
silly testEngine   version: '1.2.6',
silly testEngine   main: './uglify-js.js',
silly testEngine   bin: { uglifyjs: './bin/uglifyjs' },
silly testEngine   repository: 
silly testEngine    { type: 'git',
silly testEngine      url: 'git@github.com:mishoo/UglifyJS.git' },
silly testEngine   _id: 'uglify-js@1.2.6',
silly testEngine   dependencies: {},
silly testEngine   devDependencies: {},
silly testEngine   engines: { node: '*' },
silly testEngine   _engineSupported: true,
silly testEngine   _npmVersion: '1.0.106',
silly testEngine   _nodeVersion: 'v0.4.9',
silly testEngine   _defaultsLoaded: true,
silly testEngine   scripts: {} }
verbose caching /home/eknuth/.npm/uglify-js/1.2.6/package/package.json
verbose loadDefaults uglify-js@1.2.6
silly resolved [ { name: 'less',
silly resolved     description: 'Leaner CSS',
silly resolved     url: 'http://lesscss.org',
silly resolved     keywords: [ 'css', 'parser', 'lesscss', 'browser' ],
silly resolved     author: 
silly resolved      { name: 'Alexis Sellier',
silly resolved        email: 'self@cloudhead.net' },
silly resolved     contributors: [],
silly resolved     version: '1.3.0',
silly resolved     bin: { lessc: './bin/lessc' },
silly resolved     main: './lib/less/index',
silly resolved     directories: { test: './test' },
silly resolved     engines: { node: '>=0.4.0' },
silly resolved     _id: 'less@1.3.0',
silly resolved     dependencies: {},
silly resolved     devDependencies: {},
silly resolved     _engineSupported: true,
silly resolved     _npmVersion: '1.0.106',
silly resolved     _nodeVersion: 'v0.4.9',
silly resolved     _defaultsLoaded: true },
silly resolved   { name: 'uglify-js',
silly resolved     description: 'JavaScript parser and compressor/beautifier toolkit',
silly resolved     author: 
silly resolved      { name: 'Mihai Bazon',
silly resolved        email: 'mihai.bazon@gmail.com',
silly resolved        url: 'http://mihai.bazon.net/blog' },
silly resolved     version: '1.2.6',
silly resolved     main: './uglify-js.js',
silly resolved     bin: { uglifyjs: './bin/uglifyjs' },
silly resolved     repository: 
silly resolved      { type: 'git',
silly resolved        url: 'git@github.com:mishoo/UglifyJS.git' },
silly resolved     _id: 'uglify-js@1.2.6',
silly resolved     dependencies: {},
silly resolved     devDependencies: {},
silly resolved     engines: { node: '*' },
silly resolved     _engineSupported: true,
silly resolved     _npmVersion: '1.0.106',
silly resolved     _nodeVersion: 'v0.4.9',
silly resolved     _defaultsLoaded: true,
silly resolved     scripts: {} } ]
info into /usr/lib less@1.3.0
info into /usr/lib uglify-js@1.2.6
info installOne less@1.3.0
info installOne uglify-js@1.2.6
info unbuild /usr/lib/node_modules/less
info unbuild /usr/lib/node_modules/uglify-js
verbose from cache /home/eknuth/.npm/less/1.3.0/package/package.json
verbose from cache /home/eknuth/.npm/uglify-js/1.2.6/package/package.json
verbose mkdir (expected) error ENOENT, No such file or directory '/usr/lib/node_modules/___less.npm'
verbose mkdir (expected) error ENOENT, No such file or directory '/usr/lib/node_modules/___uglify-js.npm'
verbose mkdir done: /usr/lib/node_modules/___less.npm 755
verbose mkdir done: /usr/lib/node_modules/___uglify-js.npm 755
verbose unpack_ uid, gid [ 65534, 1001 ]
verbose unpackTarget /usr/lib/node_modules/less
silly gunzTarPerm modes [ '755', '644' ]
silly spawning [ 'tar',
silly spawning   [ '-zmvxpf',
silly spawning     '/home/eknuth/.npm/less/1.3.0/package.tgz',
silly spawning     '-o' ],
silly spawning   '/usr/lib/node_modules/___less.npm' ]
verbose unpack_ uid, gid [ 65534, 1001 ]
verbose unpackTarget /usr/lib/node_modules/uglify-js
silly gunzTarPerm modes [ '755', '644' ]
silly spawning [ 'tar',
silly spawning   [ '-zmvxpf',
silly spawning     '/home/eknuth/.npm/uglify-js/1.2.6/package.tgz',
silly spawning     '-o' ],
silly spawning   '/usr/lib/node_modules/___uglify-js.npm' ]
silly tar out package/README.md
silly tar out package/CHANGELOG
silly tar out package/package.json
silly tar out package/LICENSE
silly tar out package/index.html
silly tar out package/README.org
silly tar out package/README.html
silly tar out package/.npmignore
silly tar out package/package.json
silly tar out package/uglify-js.js
silly tar out package/package.json~
silly tar out package/docstyle.css
silly tar out package/tmp/goto2.js
silly tar out package/tmp/uglify-hangs.js
silly tar out package/Makefile
silly tar out package/.gitignore
silly tar out package/benchmark/benchmark.less
silly tar out package/benchmark/less-benchmark.js
silly tar out package/dist/less-1.1.2.min.js
silly tar out package/dist/less-1.1.6.min.js
silly tar out package/tmp/embed-tokens.js
silly tar out package/tmp/goto.js
silly tar out package/tmp/test.js
silly tar out package/tmp/uglify-hangs2.js
silly tar out package/tmp/hoist.js
silly tar out package/tmp/app.js
silly tar out package/dist/less-1.1.1.js
silly tar out package/dist/less-1.1.4.min.js
silly tar out package/dist/less-1.2.2.js
silly tar out package/dist/less-1.1.0.js
silly tar out package/dist/less-1.1.6.js
silly tar out package/dist/less-1.2.1.min.js
silly tar out package/dist/less-1.2.0.js
silly tar out package/dist/less-1.2.0.min.js
silly tar out package/dist/less-1.1.3.js
silly tar out package/dist/less-1.1.1.min.js
silly tar out package/dist/less-1.1.3.min.js
silly tar out package/tmp/liftvars.js
silly tar out package/dist/less-1.3.0.min.js
silly tar out package/tmp/269.js
silly tar out package/tmp/instrument2.js
silly tar out package/tmp/instrument.js
silly tar out package/bin/uglifyjs
silly tar out package/lib/consolidator.js
silly tar out package/dist/less-rhino-1.1.3.js
silly tar out package/lib/process.js
silly tar out package/dist/less-1.1.2.js
silly tar out package/lib/parse-js.js
silly tar out package/lib/squeeze-more.js
silly tar out package/dist/less-1.2.2.min.js
silly tar out package/lib/object-ast.js
silly tar out package/test/testparser.js
silly tar out package/test/beautify.js
silly tar out package/test/unit/scripts.js
silly tar out package/test/unit/compress/test/issue34.js
silly tar out package/test/unit/compress/test/issue29.js
silly tar out package/test/unit/compress/test/issue69.js
silly tar out package/test/unit/compress/test/whitespace.js
silly tar out package/test/unit/compress/test/issue14.js
silly tar out package/test/unit/compress/test/var.js
silly tar out package/test/unit/compress/test/issue16.js
silly tar out package/test/unit/compress/test/null_string.js
silly tar out package/test/unit/compress/test/const.js
silly tar out package/test/unit/compress/test/empty-blocks.js
silly tar out package/test/unit/compress/test/array2.js
silly tar out package/test/unit/compress/test/issue10.js
silly tar out package/test/unit/compress/test/issue25.js
silly tar out package/test/unit/compress/test/issue21.js
silly tar out package/test/unit/compress/test/mangle.js
silly tar out package/test/unit/compress/test/issue30.js
silly tar out package/test/unit/compress/test/issue9.js
silly tar out package/test/unit/compress/test/strict-equals.js
silly tar out package/test/unit/compress/test/assignment.js
silly tar out package/test/unit/compress/test/concatstring.js
silly tar out package/test/unit/compress/test/issue54.1.js
silly tar out package/test/unit/compress/test/issue28.js
silly tar out package/test/unit/compress/test/ifreturn2.js
silly tar out package/test/unit/compress/test/with.js
silly tar out package/test/unit/compress/test/forstatement.js
silly tar out package/test/unit/compress/test/issue50.js
silly tar out package/dist/less-rhino-1.1.5.js
silly tar out package/test/unit/compress/test/array3.js
silly tar out package/test/unit/compress/test/ifreturn.js
silly tar out package/test/unit/compress/test/issue278.js
silly tar out package/test/unit/compress/test/issue20.js
silly tar out package/test/unit/compress/test/issue11.js
silly tar out package/test/unit/compress/test/issue68.js
silly tar out package/test/unit/compress/test/issue13.js
silly tar out package/test/unit/compress/test/issue17.js
silly tar out package/test/unit/compress/test/issue48.js
silly tar out package/test/unit/compress/test/if.js
silly tar out package/test/unit/compress/test/issue53.js
silly tar out package/test/unit/compress/test/array4.js
silly tar out package/test/unit/compress/test/issue27.js
silly tar out package/test/unit/compress/test/issue4.js
silly tar out package/test/unit/compress/test/array1.js
silly tar out package/test/unit/compress/expected/issue34.js
silly tar out package/test/unit/compress/expected/issue29.js
silly tar out package/test/unit/compress/expected/issue69.js
silly tar out package/test/unit/compress/expected/whitespace.js
silly tar out package/test/unit/compress/expected/var.js
silly tar out package/test/unit/compress/expected/issue14.js
silly tar out package/test/unit/compress/expected/issue16.js
silly tar out package/test/unit/compress/expected/const.js
silly tar out package/test/unit/compress/expected/null_string.js
silly tar out package/test/unit/compress/expected/empty-blocks.js
silly tar out package/test/unit/compress/expected/array2.js
silly tar out package/test/unit/compress/expected/issue10.js
silly tar out package/test/unit/compress/expected/issue25.js
silly tar out package/test/unit/compress/expected/issue21.js
silly tar out package/test/unit/compress/expected/mangle.js
silly tar out package/test/unit/compress/expected/issue30.js
silly tar out package/test/unit/compress/expected/issue9.js
silly tar out package/test/unit/compress/expected/strict-equals.js
silly tar out package/test/unit/compress/expected/assignment.js
silly tar out package/test/unit/compress/expected/concatstring.js
silly tar out package/test/unit/compress/expected/issue54.1.js
silly tar out package/test/unit/compress/expected/issue28.js
silly tar out package/test/unit/compress/expected/ifreturn2.js
silly tar out package/test/unit/compress/expected/with.js
silly tar out package/test/unit/compress/expected/forstatement.js
silly tar out package/test/unit/compress/expected/issue50.js
silly tar out package/test/unit/compress/expected/array3.js
silly tar out package/test/unit/compress/expected/ifreturn.js
silly tar out package/test/unit/compress/expected/issue278.js
silly tar out package/test/unit/compress/expected/issue20.js
silly tar out package/test/unit/compress/expected/issue11.js
silly tar out package/test/unit/compress/expected/issue68.js
silly tar out package/test/unit/compress/expected/issue13.js
silly tar out package/dist/less-1.1.4.js
silly tar out package/test/unit/compress/expected/issue17.js
silly tar out package/test/unit/compress/expected/issue48.js
silly tar out package/test/unit/compress/expected/if.js
silly tar out package/test/unit/compress/expected/issue53.js
silly tar out package/test/unit/compress/expected/array4.js
silly tar out package/test/unit/compress/expected/issue27.js
silly tar out package/test/unit/compress/expected/issue4.js
silly tar out package/test/unit/compress/expected/array1.js
silly tar exit 0
silly tar out package/dist/less-1.1.5.js
silly tar out package/dist/less-1.1.5.min.js
silly tar out package/dist/less-1.2.1.js
silly tar out package/dist/less-1.3.0.js
silly tar out package/dist/less-1.1.0.min.js
silly tar out package/bin/lessc
silly tar out package/styles/foo.less
silly tar out package/styles/x.less
silly tar out package/test/less-test.js
silly tar out package/test/css/mixins-closure.css
silly tar out package/test/css/comments.css
silly tar out package/test/css/variables.css
silly tar out package/test/css/operations.css
silly tar out package/test/css/parens.css
silly tar out package/test/css/lazy-eval.css
silly tar out package/test/css/whitespace.css
silly tar out package/test/css/css-escapes.css
silly tar out package/test/css/css.css
silly tar out package/test/css/mixins-guards.css
silly tar out package/test/css/strings.css
silly tar out package/test/css/functions.css
silly tar out package/test/css/scope.css
silly tar out package/test/css/rulesets.css
silly tar out package/test/css/colors.css
silly tar out package/test/css/media.css
silly tar out package/test/css/mixins-nested.css
silly tar out package/test/css/import.css
silly tar out package/test/css/mixins-important.css
silly tar out package/test/css/selectors.css
silly tar out package/test/css/mixins-args.css
silly tar out package/test/css/javascript.css
silly tar out package/test/css/mixins-pattern.css
silly tar out package/test/css/ie-filters.css
silly tar out package/test/css/mixins.css
silly tar out package/test/css/css-3.css
silly tar out package/test/less/mixins.less
silly tar out package/test/less/mixins-args.less
silly tar out package/test/less/css.less
silly tar out package/test/less/operations.less
silly tar out package/test/less/scope.less
silly tar out package/test/less/selectors.less
silly tar out package/test/less/comments.less
silly tar out package/test/less/rulesets.less
silly tar out package/test/less/whitespace.less
silly tar out package/test/less/media.less
silly tar out package/test/less/css-escapes.less
silly tar out package/test/less/mixins-important.less
silly tar out package/test/less/colors.less
silly tar out package/test/less/mixins-pattern.less
silly tar out package/test/less/ie-filters.less
silly tar out package/test/less/lazy-eval.less
silly tar out package/test/less/variables.less
silly tar out package/test/less/mixins-closure.less
silly tar out package/test/less/mixins-nested.less
silly tar out package/test/less/import.less
silly tar out package/test/less/functions.less
silly tar out package/test/less/parens.less
silly tar out package/test/less/strings.less
silly tar out package/test/less/mixins-guards.less
silly tar out package/test/less/javascript.less
silly tar out package/test/less/css-3.less
silly tar out package/test/less/import/import-test-e.less
silly tar out package/test/less/import/import-test-b.less
silly tar out package/test/less/import/import-test-a.less
silly tar out package/test/less/import/import-test-d.css
silly tar out package/test/less/import/import-test-c.less
silly tar out package/lib/less/tree.js
silly tar out package/lib/less/rhino.js
silly tar out package/lib/less/browser.js
silly tar out package/lib/less/index.js
silly tar out package/lib/less/parser.js
silly tar out package/lib/less/functions.js
silly tar out package/lib/less/cssmin.js
silly asyncMap in gTP /usr/lib/node_modules/___uglify-js.npm/package
silly asyncMap in gTP /usr/lib/node_modules/___uglify-js.npm/package/README.org
silly asyncMap in gTP /usr/lib/node_modules/___uglify-js.npm/package/README.html
silly asyncMap in gTP /usr/lib/node_modules/___uglify-js.npm/package/.npmignore
silly asyncMap in gTP /usr/lib/node_modules/___uglify-js.npm/package/package.json
silly asyncMap in gTP /usr/lib/node_modules/___uglify-js.npm/package/uglify-js.js
silly asyncMap in gTP /usr/lib/node_modules/___uglify-js.npm/package/package.json~
silly asyncMap in gTP /usr/lib/node_modules/___uglify-js.npm/package/docstyle.css
silly asyncMap in gTP /usr/lib/node_modules/___uglify-js.npm/package/tmp
silly asyncMap in gTP /usr/lib/node_modules/___uglify-js.npm/package/tmp/goto2.js
silly asyncMap in gTP /usr/lib/node_modules/___uglify-js.npm/package/tmp/uglify-hangs.js
silly asyncMap in gTP /usr/lib/node_modules/___uglify-js.npm/package/tmp/embed-tokens.js
silly asyncMap in gTP /usr/lib/node_modules/___uglify-js.npm/package/tmp/goto.js
silly asyncMap in gTP /usr/lib/node_modules/___uglify-js.npm/package/tmp/test.js
silly asyncMap in gTP /usr/lib/node_modules/___uglify-js.npm/package/tmp/uglify-hangs2.js
silly asyncMap in gTP /usr/lib/node_modules/___uglify-js.npm/package/tmp/hoist.js
silly asyncMap in gTP /usr/lib/node_modules/___uglify-js.npm/package/tmp/app.js
silly asyncMap in gTP /usr/lib/node_modules/___uglify-js.npm/package/tmp/liftvars.js
silly asyncMap in gTP /usr/lib/node_modules/___uglify-js.npm/package/tmp/269.js
silly asyncMap in gTP /usr/lib/node_modules/___uglify-js.npm/package/tmp/instrument2.js
silly asyncMap in gTP /usr/lib/node_modules/___uglify-js.npm/package/tmp/instrument.js
silly asyncMap in gTP /usr/lib/node_modules/___uglify-js.npm/package/bin
silly asyncMap in gTP /usr/lib/node_modules/___uglify-js.npm/package/bin/uglifyjs
silly asyncMap in gTP /usr/lib/node_modules/___uglify-js.npm/package/lib
silly asyncMap in gTP /usr/lib/node_modules/___uglify-js.npm/package/lib/consolidator.js
silly asyncMap in gTP /usr/lib/node_modules/___uglify-js.npm/package/lib/process.js
silly asyncMap in gTP /usr/lib/node_modules/___uglify-js.npm/package/lib/parse-js.js
silly asyncMap in gTP /usr/lib/node_modules/___uglify-js.npm/package/lib/squeeze-more.js
silly asyncMap in gTP /usr/lib/node_modules/___uglify-js.npm/package/lib/object-ast.js
silly asyncMap in gTP /usr/lib/node_modules/___uglify-js.npm/package/test
silly asyncMap in gTP /usr/lib/node_modules/___uglify-js.npm/package/test/testparser.js
silly asyncMap in gTP /usr/lib/node_modules/___uglify-js.npm/package/test/beautify.js
silly asyncMap in gTP /usr/lib/node_modules/___uglify-js.npm/package/test/unit
silly asyncMap in gTP /usr/lib/node_modules/___uglify-js.npm/package/test/unit/scripts.js
silly asyncMap in gTP /usr/lib/node_modules/___uglify-js.npm/package/test/unit/compress
silly asyncMap in gTP /usr/lib/node_modules/___uglify-js.npm/package/test/unit/compress/test
silly asyncMap in gTP /usr/lib/node_modules/___uglify-js.npm/package/test/unit/compress/test/issue34.js
silly asyncMap in gTP /usr/lib/node_modules/___uglify-js.npm/package/test/unit/compress/test/issue29.js
silly asyncMap in gTP /usr/lib/node_modules/___uglify-js.npm/package/test/unit/compress/test/issue69.js
silly asyncMap in gTP /usr/lib/node_modules/___uglify-js.npm/package/test/unit/compress/test/whitespace.js
silly asyncMap in gTP /usr/lib/node_modules/___uglify-js.npm/package/test/unit/compress/test/var.js
silly asyncMap in gTP /usr/lib/node_modules/___uglify-js.npm/package/test/unit/compress/test/issue14.js
silly asyncMap in gTP /usr/lib/node_modules/___uglify-js.npm/package/test/unit/compress/test/issue16.js
silly asyncMap in gTP /usr/lib/node_modules/___uglify-js.npm/package/test/unit/compress/test/null_string.js
silly asyncMap in gTP /usr/lib/node_modules/___uglify-js.npm/package/test/unit/compress/test/const.js
silly asyncMap in gTP /usr/lib/node_modules/___uglify-js.npm/package/test/unit/compress/test/empty-blocks.js
silly asyncMap in gTP /usr/lib/node_modules/___uglify-js.npm/package/test/unit/compress/test/array2.js
silly asyncMap in gTP /usr/lib/node_modules/___uglify-js.npm/package/test/unit/compress/test/issue10.js
silly asyncMap in gTP /usr/lib/node_modules/___uglify-js.npm/package/test/unit/compress/test/issue25.js
silly asyncMap in gTP /usr/lib/node_modules/___uglify-js.npm/package/test/unit/compress/test/issue21.js
silly asyncMap in gTP /usr/lib/node_modules/___uglify-js.npm/package/test/unit/compress/test/mangle.js
silly asyncMap in gTP /usr/lib/node_modules/___uglify-js.npm/package/test/unit/compress/test/issue30.js
silly asyncMap in gTP /usr/lib/node_modules/___uglify-js.npm/package/test/unit/compress/test/issue9.js
silly asyncMap in gTP /usr/lib/node_modules/___uglify-js.npm/package/test/unit/compress/test/strict-equals.js
silly asyncMap in gTP /usr/lib/node_modules/___uglify-js.npm/package/test/unit/compress/test/assignment.js
silly asyncMap in gTP /usr/lib/node_modules/___uglify-js.npm/package/test/unit/compress/test/concatstring.js
silly asyncMap in gTP /usr/lib/node_modules/___uglify-js.npm/package/test/unit/compress/test/issue54.1.js
silly asyncMap in gTP /usr/lib/node_modules/___uglify-js.npm/package/test/unit/compress/test/issue28.js
silly asyncMap in gTP /usr/lib/node_modules/___uglify-js.npm/package/test/unit/compress/test/ifreturn2.js
silly asyncMap in gTP /usr/lib/node_modules/___uglify-js.npm/package/test/unit/compress/test/with.js
silly asyncMap in gTP /usr/lib/node_modules/___uglify-js.npm/package/test/unit/compress/test/forstatement.js
silly asyncMap in gTP /usr/lib/node_modules/___uglify-js.npm/package/test/unit/compress/test/issue50.js
silly asyncMap in gTP /usr/lib/node_modules/___uglify-js.npm/package/test/unit/compress/test/array3.js
silly asyncMap in gTP /usr/lib/node_modules/___uglify-js.npm/package/test/unit/compress/test/ifreturn.js
silly asyncMap in gTP /usr/lib/node_modules/___uglify-js.npm/package/test/unit/compress/test/issue278.js
silly asyncMap in gTP /usr/lib/node_modules/___uglify-js.npm/package/test/unit/compress/test/issue20.js
silly asyncMap in gTP /usr/lib/node_modules/___uglify-js.npm/package/test/unit/compress/test/issue11.js
silly asyncMap in gTP /usr/lib/node_modules/___uglify-js.npm/package/test/unit/compress/test/issue68.js
silly asyncMap in gTP /usr/lib/node_modules/___uglify-js.npm/package/test/unit/compress/test/issue13.js
silly asyncMap in gTP /usr/lib/node_modules/___uglify-js.npm/package/test/unit/compress/test/issue17.js
silly asyncMap in gTP /usr/lib/node_modules/___uglify-js.npm/package/test/unit/compress/test/issue48.js
silly asyncMap in gTP /usr/lib/node_modules/___uglify-js.npm/package/test/unit/compress/test/if.js
silly asyncMap in gTP /usr/lib/node_modules/___uglify-js.npm/package/test/unit/compress/test/issue53.js
silly asyncMap in gTP /usr/lib/node_modules/___uglify-js.npm/package/test/unit/compress/test/array4.js
silly asyncMap in gTP /usr/lib/node_modules/___uglify-js.npm/package/test/unit/compress/test/issue27.js
silly asyncMap in gTP /usr/lib/node_modules/___uglify-js.npm/package/test/unit/compress/test/issue4.js
silly asyncMap in gTP /usr/lib/node_modules/___uglify-js.npm/package/test/unit/compress/test/array1.js
silly asyncMap in gTP /usr/lib/node_modules/___uglify-js.npm/package/test/unit/compress/expected
silly asyncMap in gTP /usr/lib/node_modules/___uglify-js.npm/package/test/unit/compress/expected/issue34.js
silly asyncMap in gTP /usr/lib/node_modules/___uglify-js.npm/package/test/unit/compress/expected/issue29.js
silly asyncMap in gTP /usr/lib/node_modules/___uglify-js.npm/package/test/unit/compress/expected/issue69.js
silly asyncMap in gTP /usr/lib/node_modules/___uglify-js.npm/package/test/unit/compress/expected/whitespace.js
silly asyncMap in gTP /usr/lib/node_modules/___uglify-js.npm/package/test/unit/compress/expected/var.js
silly asyncMap in gTP /usr/lib/node_modules/___uglify-js.npm/package/test/unit/compress/expected/issue14.js
silly asyncMap in gTP /usr/lib/node_modules/___uglify-js.npm/package/test/unit/compress/expected/issue16.js
silly asyncMap in gTP /usr/lib/node_modules/___uglify-js.npm/package/test/unit/compress/expected/null_string.js
silly asyncMap in gTP /usr/lib/node_modules/___uglify-js.npm/package/test/unit/compress/expected/const.js
silly asyncMap in gTP /usr/lib/node_modules/___uglify-js.npm/package/test/unit/compress/expected/empty-blocks.js
silly asyncMap in gTP /usr/lib/node_modules/___uglify-js.npm/package/test/unit/compress/expected/array2.js
silly asyncMap in gTP /usr/lib/node_modules/___uglify-js.npm/package/test/unit/compress/expected/issue10.js
silly asyncMap in gTP /usr/lib/node_modules/___uglify-js.npm/package/test/unit/compress/expected/issue25.js
silly asyncMap in gTP /usr/lib/node_modules/___uglify-js.npm/package/test/unit/compress/expected/issue21.js
silly asyncMap in gTP /usr/lib/node_modules/___uglify-js.npm/package/test/unit/compress/expected/mangle.js
silly asyncMap in gTP /usr/lib/node_modules/___uglify-js.npm/package/test/unit/compress/expected/issue30.js
silly asyncMap in gTP /usr/lib/node_modules/___uglify-js.npm/package/test/unit/compress/expected/issue9.js
silly asyncMap in gTP /usr/lib/node_modules/___uglify-js.npm/package/test/unit/compress/expected/strict-equals.js
silly asyncMap in gTP /usr/lib/node_modules/___uglify-js.npm/package/test/unit/compress/expected/assignment.js
silly asyncMap in gTP /usr/lib/node_modules/___uglify-js.npm/package/test/unit/compress/expected/concatstring.js
silly asyncMap in gTP /usr/lib/node_modules/___uglify-js.npm/package/test/unit/compress/expected/issue54.1.js
silly asyncMap in gTP /usr/lib/node_modules/___uglify-js.npm/package/test/unit/compress/expected/issue28.js
silly asyncMap in gTP /usr/lib/node_modules/___uglify-js.npm/package/test/unit/compress/expected/ifreturn2.js
silly asyncMap in gTP /usr/lib/node_modules/___uglify-js.npm/package/test/unit/compress/expected/with.js
silly asyncMap in gTP /usr/lib/node_modules/___uglify-js.npm/package/test/unit/compress/expected/forstatement.js
silly asyncMap in gTP /usr/lib/node_modules/___uglify-js.npm/package/test/unit/compress/expected/issue50.js
silly asyncMap in gTP /usr/lib/node_modules/___uglify-js.npm/package/test/unit/compress/expected/array3.js
silly asyncMap in gTP /usr/lib/node_modules/___uglify-js.npm/package/test/unit/compress/expected/ifreturn.js
silly asyncMap in gTP /usr/lib/node_modules/___uglify-js.npm/package/test/unit/compress/expected/issue278.js
silly asyncMap in gTP /usr/lib/node_modules/___uglify-js.npm/package/test/unit/compress/expected/issue20.js
silly asyncMap in gTP /usr/lib/node_modules/___uglify-js.npm/package/test/unit/compress/expected/issue11.js
silly asyncMap in gTP /usr/lib/node_modules/___uglify-js.npm/package/test/unit/compress/expected/issue68.js
silly asyncMap in gTP /usr/lib/node_modules/___uglify-js.npm/package/test/unit/compress/expected/issue13.js
silly asyncMap in gTP /usr/lib/node_modules/___uglify-js.npm/package/test/unit/compress/expected/issue17.js
silly asyncMap in gTP /usr/lib/node_modules/___uglify-js.npm/package/test/unit/compress/expected/issue48.js
silly asyncMap in gTP /usr/lib/node_modules/___uglify-js.npm/package/test/unit/compress/expected/if.js
silly asyncMap in gTP /usr/lib/node_modules/___uglify-js.npm/package/test/unit/compress/expected/issue53.js
silly asyncMap in gTP /usr/lib/node_modules/___uglify-js.npm/package/test/unit/compress/expected/array4.js
silly asyncMap in gTP /usr/lib/node_modules/___uglify-js.npm/package/test/unit/compress/expected/issue27.js
silly asyncMap in gTP /usr/lib/node_modules/___uglify-js.npm/package/test/unit/compress/expected/issue4.js
silly asyncMap in gTP /usr/lib/node_modules/___uglify-js.npm/package/test/unit/compress/expected/array1.js
silly tar out package/lib/less/colors.js
silly tar out package/lib/less/tree/quoted.js
silly tar out package/lib/less/tree/alpha.js
silly tar out package/lib/less/tree/dimension.js
silly tar out package/lib/less/tree/paren.js
silly tar out package/lib/less/tree/anonymous.js
silly tar out package/lib/less/tree/expression.js
silly tar out package/lib/less/tree/color.js
silly tar out package/lib/less/tree/comment.js
silly tar out package/lib/less/tree/call.js
silly tar out package/lib/less/tree/mixin.js
silly tar out package/lib/less/tree/assignment.js
silly tar out package/lib/less/tree/condition.js
silly tar out package/lib/less/tree/media.js
silly tar out package/lib/less/tree/url.js
silly tar out package/lib/less/tree/directive.js
silly tar out package/lib/less/tree/import.js
silly tar out package/lib/less/tree/value.js
silly tar out package/lib/less/tree/ruleset.js
silly tar out package/lib/less/tree/element.js
silly tar out package/lib/less/tree/operation.js
silly tar out package/lib/less/tree/keyword.js
silly tar out package/lib/less/tree/rule.js
silly tar out package/lib/less/tree/javascript.js
silly tar out package/lib/less/tree/selector.js
silly tar out package/lib/less/tree/variable.js
silly tar exit 0
verbose gunzed /usr/lib/node_modules/___uglify-js.npm/package
verbose rm'ed /usr/lib/node_modules/uglify-js
verbose renamed [ '/usr/lib/node_modules/___uglify-js.npm/package',
verbose renamed   '/usr/lib/node_modules/uglify-js' ]
silly testEngine { name: 'uglify-js',
silly testEngine   description: 'JavaScript parser and compressor/beautifier toolkit',
silly testEngine   author: 
silly testEngine    { name: 'Mihai Bazon',
silly testEngine      email: 'mihai.bazon@gmail.com',
silly testEngine      url: 'http://mihai.bazon.net/blog' },
silly testEngine   version: '1.2.6',
silly testEngine   main: './uglify-js.js',
silly testEngine   bin: { uglifyjs: './bin/uglifyjs' },
silly testEngine   repository: 
silly testEngine    { type: 'git',
silly testEngine      url: 'git@github.com:mishoo/UglifyJS.git' },
silly testEngine   _id: 'uglify-js@1.2.6',
silly testEngine   dependencies: {},
silly testEngine   devDependencies: {},
silly testEngine   engines: { node: '*' },
silly testEngine   _engineSupported: true,
silly testEngine   _npmVersion: '1.0.106',
silly testEngine   _nodeVersion: 'v0.4.9',
silly testEngine   _defaultsLoaded: true,
silly testEngine   scripts: {} }
verbose caching /usr/lib/node_modules/uglify-js/package.json
verbose loadDefaults uglify-js@1.2.6
info preinstall uglify-js@1.2.6
verbose from cache /usr/lib/node_modules/uglify-js/package.json
verbose into /usr/lib/node_modules/uglify-js []
silly resolved []
verbose about to build /usr/lib/node_modules/uglify-js
info build /usr/lib/node_modules/uglify-js
verbose from cache /usr/lib/node_modules/uglify-js/package.json
verbose linkStuff [ true,
verbose linkStuff   '/usr/lib/node_modules',
verbose linkStuff   true,
verbose linkStuff   '/usr/lib/node_modules' ]
info linkStuff uglify-js@1.2.6
verbose linkBins uglify-js@1.2.6
verbose bins linking [ { uglifyjs: './bin/uglifyjs' }, '/usr/bin', true ]
verbose linkMans uglify-js@1.2.6
verbose rebuildBundles uglify-js@1.2.6
silly asyncMap in gTP /usr/lib/node_modules/___less.npm/package
silly asyncMap in gTP /usr/lib/node_modules/___less.npm/package/README.md
silly asyncMap in gTP /usr/lib/node_modules/___less.npm/package/CHANGELOG
silly asyncMap in gTP /usr/lib/node_modules/___less.npm/package/package.json
silly asyncMap in gTP /usr/lib/node_modules/___less.npm/package/LICENSE
silly asyncMap in gTP /usr/lib/node_modules/___less.npm/package/index.html
silly asyncMap in gTP /usr/lib/node_modules/___less.npm/package/Makefile
silly asyncMap in gTP /usr/lib/node_modules/___less.npm/package/.gitignore
silly asyncMap in gTP /usr/lib/node_modules/___less.npm/package/benchmark
silly asyncMap in gTP /usr/lib/node_modules/___less.npm/package/benchmark/benchmark.less
silly asyncMap in gTP /usr/lib/node_modules/___less.npm/package/benchmark/less-benchmark.js
silly asyncMap in gTP /usr/lib/node_modules/___less.npm/package/dist
silly asyncMap in gTP /usr/lib/node_modules/___less.npm/package/dist/less-1.1.2.min.js
silly asyncMap in gTP /usr/lib/node_modules/___less.npm/package/dist/less-1.1.6.min.js
silly asyncMap in gTP /usr/lib/node_modules/___less.npm/package/dist/less-1.1.1.js
silly asyncMap in gTP /usr/lib/node_modules/___less.npm/package/dist/less-1.1.4.min.js
silly asyncMap in gTP /usr/lib/node_modules/___less.npm/package/dist/less-1.2.2.js
silly asyncMap in gTP /usr/lib/node_modules/___less.npm/package/dist/less-1.1.0.js
silly asyncMap in gTP /usr/lib/node_modules/___less.npm/package/dist/less-1.1.6.js
silly asyncMap in gTP /usr/lib/node_modules/___less.npm/package/dist/less-1.2.1.min.js
silly asyncMap in gTP /usr/lib/node_modules/___less.npm/package/dist/less-1.2.0.js
silly asyncMap in gTP /usr/lib/node_modules/___less.npm/package/dist/less-1.2.0.min.js
silly asyncMap in gTP /usr/lib/node_modules/___less.npm/package/dist/less-1.1.3.js
silly asyncMap in gTP /usr/lib/node_modules/___less.npm/package/dist/less-1.1.1.min.js
silly asyncMap in gTP /usr/lib/node_modules/___less.npm/package/dist/less-1.1.3.min.js
silly asyncMap in gTP /usr/lib/node_modules/___less.npm/package/dist/less-1.3.0.min.js
silly asyncMap in gTP /usr/lib/node_modules/___less.npm/package/dist/less-rhino-1.1.3.js
silly asyncMap in gTP /usr/lib/node_modules/___less.npm/package/dist/less-1.1.2.js
silly asyncMap in gTP /usr/lib/node_modules/___less.npm/package/dist/less-1.2.2.min.js
silly asyncMap in gTP /usr/lib/node_modules/___less.npm/package/dist/less-rhino-1.1.5.js
silly asyncMap in gTP /usr/lib/node_modules/___less.npm/package/dist/less-1.1.4.js
silly asyncMap in gTP /usr/lib/node_modules/___less.npm/package/dist/less-1.1.5.js
silly asyncMap in gTP /usr/lib/node_modules/___less.npm/package/dist/less-1.1.5.min.js
silly asyncMap in gTP /usr/lib/node_modules/___less.npm/package/dist/less-1.2.1.js
silly asyncMap in gTP /usr/lib/node_modules/___less.npm/package/dist/less-1.3.0.js
silly asyncMap in gTP /usr/lib/node_modules/___less.npm/package/dist/less-1.1.0.min.js
silly asyncMap in gTP /usr/lib/node_modules/___less.npm/package/bin
silly asyncMap in gTP /usr/lib/node_modules/___less.npm/package/bin/lessc
silly asyncMap in gTP /usr/lib/node_modules/___less.npm/package/styles
silly asyncMap in gTP /usr/lib/node_modules/___less.npm/package/styles/foo.less
silly asyncMap in gTP /usr/lib/node_modules/___less.npm/package/styles/x.less
silly asyncMap in gTP /usr/lib/node_modules/___less.npm/package/test
silly asyncMap in gTP /usr/lib/node_modules/___less.npm/package/test/less-test.js
silly asyncMap in gTP /usr/lib/node_modules/___less.npm/package/test/css
silly asyncMap in gTP /usr/lib/node_modules/___less.npm/package/test/css/comments.css
silly asyncMap in gTP /usr/lib/node_modules/___less.npm/package/test/css/mixins-closure.css
silly asyncMap in gTP /usr/lib/node_modules/___less.npm/package/test/css/variables.css
silly asyncMap in gTP /usr/lib/node_modules/___less.npm/package/test/css/operations.css
silly asyncMap in gTP /usr/lib/node_modules/___less.npm/package/test/css/parens.css
silly asyncMap in gTP /usr/lib/node_modules/___less.npm/package/test/css/lazy-eval.css
silly asyncMap in gTP /usr/lib/node_modules/___less.npm/package/test/css/whitespace.css
silly asyncMap in gTP /usr/lib/node_modules/___less.npm/package/test/css/css-escapes.css
silly asyncMap in gTP /usr/lib/node_modules/___less.npm/package/test/css/css.css
silly asyncMap in gTP /usr/lib/node_modules/___less.npm/package/test/css/mixins-guards.css
silly asyncMap in gTP /usr/lib/node_modules/___less.npm/package/test/css/strings.css
silly asyncMap in gTP /usr/lib/node_modules/___less.npm/package/test/css/functions.css
silly asyncMap in gTP /usr/lib/node_modules/___less.npm/package/test/css/scope.css
silly asyncMap in gTP /usr/lib/node_modules/___less.npm/package/test/css/rulesets.css
silly asyncMap in gTP /usr/lib/node_modules/___less.npm/package/test/css/colors.css
silly asyncMap in gTP /usr/lib/node_modules/___less.npm/package/test/css/media.css
silly asyncMap in gTP /usr/lib/node_modules/___less.npm/package/test/css/mixins-nested.css
silly asyncMap in gTP /usr/lib/node_modules/___less.npm/package/test/css/import.css
silly asyncMap in gTP /usr/lib/node_modules/___less.npm/package/test/css/mixins-important.css
silly asyncMap in gTP /usr/lib/node_modules/___less.npm/package/test/css/selectors.css
silly asyncMap in gTP /usr/lib/node_modules/___less.npm/package/test/css/mixins-args.css
silly asyncMap in gTP /usr/lib/node_modules/___less.npm/package/test/css/javascript.css
silly asyncMap in gTP /usr/lib/node_modules/___less.npm/package/test/css/mixins-pattern.css
silly asyncMap in gTP /usr/lib/node_modules/___less.npm/package/test/css/ie-filters.css
silly asyncMap in gTP /usr/lib/node_modules/___less.npm/package/test/css/mixins.css
silly asyncMap in gTP /usr/lib/node_modules/___less.npm/package/test/css/css-3.css
silly asyncMap in gTP /usr/lib/node_modules/___less.npm/package/test/less
silly asyncMap in gTP /usr/lib/node_modules/___less.npm/package/test/less/mixins.less
silly asyncMap in gTP /usr/lib/node_modules/___less.npm/package/test/less/mixins-args.less
silly asyncMap in gTP /usr/lib/node_modules/___less.npm/package/test/less/css.less
silly asyncMap in gTP /usr/lib/node_modules/___less.npm/package/test/less/operations.less
silly asyncMap in gTP /usr/lib/node_modules/___less.npm/package/test/less/scope.less
silly asyncMap in gTP /usr/lib/node_modules/___less.npm/package/test/less/selectors.less
silly asyncMap in gTP /usr/lib/node_modules/___less.npm/package/test/less/comments.less
silly asyncMap in gTP /usr/lib/node_modules/___less.npm/package/test/less/rulesets.less
silly asyncMap in gTP /usr/lib/node_modules/___less.npm/package/test/less/whitespace.less
silly asyncMap in gTP /usr/lib/node_modules/___less.npm/package/test/less/media.less
silly asyncMap in gTP /usr/lib/node_modules/___less.npm/package/test/less/css-escapes.less
silly asyncMap in gTP /usr/lib/node_modules/___less.npm/package/test/less/mixins-important.less
silly asyncMap in gTP /usr/lib/node_modules/___less.npm/package/test/less/colors.less
silly asyncMap in gTP /usr/lib/node_modules/___less.npm/package/test/less/mixins-pattern.less
silly asyncMap in gTP /usr/lib/node_modules/___less.npm/package/test/less/ie-filters.less
silly asyncMap in gTP /usr/lib/node_modules/___less.npm/package/test/less/lazy-eval.less
silly asyncMap in gTP /usr/lib/node_modules/___less.npm/package/test/less/variables.less
silly asyncMap in gTP /usr/lib/node_modules/___less.npm/package/test/less/mixins-closure.less
silly asyncMap in gTP /usr/lib/node_modules/___less.npm/package/test/less/mixins-nested.less
silly asyncMap in gTP /usr/lib/node_modules/___less.npm/package/test/less/import.less
silly asyncMap in gTP /usr/lib/node_modules/___less.npm/package/test/less/functions.less
silly asyncMap in gTP /usr/lib/node_modules/___less.npm/package/test/less/parens.less
silly asyncMap in gTP /usr/lib/node_modules/___less.npm/package/test/less/strings.less
silly asyncMap in gTP /usr/lib/node_modules/___less.npm/package/test/less/mixins-guards.less
silly asyncMap in gTP /usr/lib/node_modules/___less.npm/package/test/less/javascript.less
silly asyncMap in gTP /usr/lib/node_modules/___less.npm/package/test/less/css-3.less
silly asyncMap in gTP /usr/lib/node_modules/___less.npm/package/test/less/import
silly asyncMap in gTP /usr/lib/node_modules/___less.npm/package/test/less/import/import-test-e.less
silly asyncMap in gTP /usr/lib/node_modules/___less.npm/package/test/less/import/import-test-b.less
silly asyncMap in gTP /usr/lib/node_modules/___less.npm/package/test/less/import/import-test-a.less
silly asyncMap in gTP /usr/lib/node_modules/___less.npm/package/test/less/import/import-test-d.css
silly asyncMap in gTP /usr/lib/node_modules/___less.npm/package/test/less/import/import-test-c.less
silly asyncMap in gTP /usr/lib/node_modules/___less.npm/package/lib
silly asyncMap in gTP /usr/lib/node_modules/___less.npm/package/lib/less
silly asyncMap in gTP /usr/lib/node_modules/___less.npm/package/lib/less/tree.js
silly asyncMap in gTP /usr/lib/node_modules/___less.npm/package/lib/less/rhino.js
silly asyncMap in gTP /usr/lib/node_modules/___less.npm/package/lib/less/browser.js
silly asyncMap in gTP /usr/lib/node_modules/___less.npm/package/lib/less/index.js
silly asyncMap in gTP /usr/lib/node_modules/___less.npm/package/lib/less/parser.js
silly asyncMap in gTP /usr/lib/node_modules/___less.npm/package/lib/less/functions.js
silly asyncMap in gTP /usr/lib/node_modules/___less.npm/package/lib/less/cssmin.js
silly asyncMap in gTP /usr/lib/node_modules/___less.npm/package/lib/less/colors.js
silly asyncMap in gTP /usr/lib/node_modules/___less.npm/package/lib/less/tree
silly asyncMap in gTP /usr/lib/node_modules/___less.npm/package/lib/less/tree/quoted.js
silly asyncMap in gTP /usr/lib/node_modules/___less.npm/package/lib/less/tree/alpha.js
silly asyncMap in gTP /usr/lib/node_modules/___less.npm/package/lib/less/tree/dimension.js
silly asyncMap in gTP /usr/lib/node_modules/___less.npm/package/lib/less/tree/paren.js
silly asyncMap in gTP /usr/lib/node_modules/___less.npm/package/lib/less/tree/anonymous.js
silly asyncMap in gTP /usr/lib/node_modules/___less.npm/package/lib/less/tree/expression.js
silly asyncMap in gTP /usr/lib/node_modules/___less.npm/package/lib/less/tree/color.js
silly asyncMap in gTP /usr/lib/node_modules/___less.npm/package/lib/less/tree/comment.js
silly asyncMap in gTP /usr/lib/node_modules/___less.npm/package/lib/less/tree/call.js
silly asyncMap in gTP /usr/lib/node_modules/___less.npm/package/lib/less/tree/mixin.js
silly asyncMap in gTP /usr/lib/node_modules/___less.npm/package/lib/less/tree/assignment.js
silly asyncMap in gTP /usr/lib/node_modules/___less.npm/package/lib/less/tree/condition.js
silly asyncMap in gTP /usr/lib/node_modules/___less.npm/package/lib/less/tree/media.js
silly asyncMap in gTP /usr/lib/node_modules/___less.npm/package/lib/less/tree/url.js
silly asyncMap in gTP /usr/lib/node_modules/___less.npm/package/lib/less/tree/directive.js
silly asyncMap in gTP /usr/lib/node_modules/___less.npm/package/lib/less/tree/import.js
silly asyncMap in gTP /usr/lib/node_modules/___less.npm/package/lib/less/tree/value.js
silly asyncMap in gTP /usr/lib/node_modules/___less.npm/package/lib/less/tree/ruleset.js
silly asyncMap in gTP /usr/lib/node_modules/___less.npm/package/lib/less/tree/element.js
silly asyncMap in gTP /usr/lib/node_modules/___less.npm/package/lib/less/tree/operation.js
silly asyncMap in gTP /usr/lib/node_modules/___less.npm/package/lib/less/tree/keyword.js
silly asyncMap in gTP /usr/lib/node_modules/___less.npm/package/lib/less/tree/rule.js
silly asyncMap in gTP /usr/lib/node_modules/___less.npm/package/lib/less/tree/javascript.js
silly asyncMap in gTP /usr/lib/node_modules/___less.npm/package/lib/less/tree/selector.js
silly asyncMap in gTP /usr/lib/node_modules/___less.npm/package/lib/less/tree/variable.js
ERR! error installing uglify-js@1.2.6 Error: Refusing to delete: /usr/bin/uglifyjs not in /usr/lib/node_modules/uglify-js
ERR! error installing uglify-js@1.2.6     at clobberFail (/usr/lib/node_modules/npm/node_modules/rimraf/rimraf.js:110:12)
ERR! error installing uglify-js@1.2.6     at next (/usr/lib/node_modules/npm/node_modules/rimraf/rimraf.js:97:42)
ERR! error installing uglify-js@1.2.6     at clobberTest (/usr/lib/node_modules/npm/node_modules/rimraf/rimraf.js:92:28)
ERR! error installing uglify-js@1.2.6     at /usr/lib/node_modules/npm/node_modules/rimraf/rimraf.js:70:29
ERR! error installing uglify-js@1.2.6     at cb (/usr/lib/node_modules/npm/node_modules/graceful-fs/graceful-fs.js:36:9)
info unbuild /usr/lib/node_modules/uglify-js
verbose from cache /usr/lib/node_modules/uglify-js/package.json
info preuninstall uglify-js@1.2.6
verbose gunzed /usr/lib/node_modules/___less.npm/package
info uninstall uglify-js@1.2.6
verbose rm'ed /usr/lib/node_modules/less
verbose renamed [ '/usr/lib/node_modules/___less.npm/package',
verbose renamed   '/usr/lib/node_modules/less' ]
verbose unbuild uglify-js@1.2.6 [ true,
verbose unbuild uglify-js@1.2.6   '/usr/lib/node_modules',
verbose unbuild uglify-js@1.2.6   '/usr/lib/node_modules' ]
verbose binRoot [ '/usr/bin', { uglifyjs: './bin/uglifyjs' } ]
ERR! error rolling back uglify-js@1.2.6 Error: Refusing to delete: /usr/bin/uglifyjs not in /usr/lib/node_modules/uglify-js
ERR! error rolling back uglify-js@1.2.6     at clobberFail (/usr/lib/node_modules/npm/node_modules/rimraf/rimraf.js:110:12)
ERR! error rolling back uglify-js@1.2.6     at next (/usr/lib/node_modules/npm/node_modules/rimraf/rimraf.js:97:42)
ERR! error rolling back uglify-js@1.2.6     at clobberTest (/usr/lib/node_modules/npm/node_modules/rimraf/rimraf.js:92:28)
ERR! error rolling back uglify-js@1.2.6     at /usr/lib/node_modules/npm/node_modules/rimraf/rimraf.js:70:29
ERR! error rolling back uglify-js@1.2.6     at cb (/usr/lib/node_modules/npm/node_modules/graceful-fs/graceful-fs.js:36:9)
verbose installOne cb uglify-js@1.2.6
ERR! Error: Refusing to delete: /usr/bin/uglifyjs not in /usr/lib/node_modules/uglify-js
ERR!     at clobberFail (/usr/lib/node_modules/npm/node_modules/rimraf/rimraf.js:110:12)
ERR!     at next (/usr/lib/node_modules/npm/node_modules/rimraf/rimraf.js:97:42)
ERR!     at clobberTest (/usr/lib/node_modules/npm/node_modules/rimraf/rimraf.js:92:28)
ERR!     at /usr/lib/node_modules/npm/node_modules/rimraf/rimraf.js:70:29
ERR!     at cb (/usr/lib/node_modules/npm/node_modules/graceful-fs/graceful-fs.js:36:9)
ERR! Report this *entire* log at:
ERR!     <http://github.com/isaacs/npm/issues>
ERR! or email it to:
ERR!     <npm-@googlegroups.com>
ERR! 
ERR! System Linux 3.0.0-19-generic-pae
ERR! command "node" "/usr/bin/npm" "install" "-g" "less" "uglify-js"
ERR! cwd /home/eknuth/resources/bootstrap/less
ERR! node -v v0.4.9
ERR! npm -v 1.0.106
ERR! path /usr/bin/uglifyjs
ERR! code EEXIST
verbose exit [ 1, true ]
